<?xml version="1.0" encoding="UTF-8" standalone="no"?>
<!DOCTYPE log SYSTEM "logger.dtd">
<log>
<record>
  <date>2025-04-16T12:14:29.433895049Z</date>
  <millis>1744805669433</millis>
  <nanos>895049</nanos>
  <sequence>0</sequence>
  <logger>SecureWebServer</logger>
  <level>INFO</level>
  <class>SecureWebServer</class>
  <method>main</method>
  <thread>1</thread>
  <message>Server started on port: 8080</message>
</record>
<record>
  <date>2025-04-16T12:26:41.922781736Z</date>
  <millis>1744806401922</millis>
  <nanos>781736</nanos>
  <sequence>1</sequence>
  <logger>SecureWebServer</logger>
  <level>INFO</level>
  <class>SecureWebServer</class>
  <method>handleRequest</method>
  <thread>14</thread>
  <message>[FormDataSaver] Form data saved successfully.</message>
</record>
<record>
  <date>2025-04-16T12:40:55.008104522Z</date>
  <millis>1744807255008</millis>
  <nanos>104522</nanos>
  <sequence>2</sequence>
  <logger>SecureWebServer</logger>
  <level>INFO</level>
  <class>SecureWebServer</class>
  <method>handleRequest</method>
  <thread>15</thread>
  <message>[FormDataSaver] Form data saved successfully.</message>
</record>
<record>
  <date>2025-04-16T12:57:34.568685199Z</date>
  <millis>1744808254568</millis>
  <nanos>685199</nanos>
  <sequence>3</sequence>
  <logger>SecureWebServer</logger>
  <level>INFO</level>
  <class>SecureWebServer</class>
  <method>handleRequest</method>
  <thread>19</thread>
  <message>[FormDataSaver] Form data saved successfully.</message>
</record>
